<?xml version="1.0" encoding="UTF-8"?>
<!-- Generated by org.testng.reporters.JUnitReportReporter -->
<testsuite hostname="DESKTOP-S6GK0PI" failures="0" tests="1" name="rahulshettyacademy.Tests.errorValidations" time="13.058" errors="0" timestamp="2025-01-12T19:01:49 CET" skipped="0">
  <testcase classname="rahulshettyacademy.Tests.errorValidations" name="submitOrder" time="13.058"/>
</testsuite> <!-- rahulshettyacademy.Tests.errorValidations -->
